<?xml version="1.0" encoding="UTF-8"?>
<testsuite xmlns:xsi="http://www.w3.org/2001/XMLSchema-instance" xsi:noNamespaceSchemaLocation="https://maven.apache.org/surefire/maven-surefire-plugin/xsd/surefire-test-report.xsd" version="3.0.2" name="testrunner.Online_food_delivery_testrunner" time="3.007" tests="15" errors="0" skipped="0" failures="0">
  <properties>
[...]
</properties>
  <testcase name="Get all users" classname="API Endpoints" time="1.365">
    <system-out><![CDATA[
Scenario: Get all users                           &amp#27;[90m# feature/api.feature:7&amp#27;[0m
  &amp#27;[32mGiven &amp#27;[0m&amp#27;[32mthe server is running&amp#27;[0m                     &amp#27;[90m# stepDefination.Online_food_delivery.the_server_is_running()&amp#27;[0m
  &amp#27;[32mWhen &amp#27;[0m&amp#27;[32mI send a GET request to &amp#27;[0m&amp#27;[32m&amp#27;[1m"/users"&amp#27;[0m           &amp#27;[90m# stepDefination.Online_food_delivery.i_send_a_get_request_to(java.lang.String)&amp#27;[0m
  &amp#27;[32mThen &amp#27;[0m&amp#27;[32mthe response status should be &amp#27;[0m&amp#27;[32m&amp#27;[1m200&amp#27;[0m          &amp#27;[90m# stepDefination.Online_food_delivery.the_response_status_should_be(int)&amp#27;[0m
  &amp#27;[32mAnd &amp#27;[0m&amp#27;[32mthe response should contain a list of users&amp#27;[0m &amp#27;[90m# stepDefination.Online_food_delivery.the_response_should_contain_a_list_of_users()&amp#27;[0m
]]></system-out>
  </testcase>
  <testcase name="Register a new user" classname="API Endpoints" time="0.445">
    <system-out><![CDATA[
Scenario: Register a new user                                              &amp#27;[90m# feature/api.feature:12&amp#27;[0m
  &amp#27;[32mGiven &amp#27;[0m&amp#27;[32mthe server is running&amp#27;[0m                                              &amp#27;[90m# stepDefination.Online_food_delivery.the_server_is_running()&amp#27;[0m
  &amp#27;[32mWhen &amp#27;[0m&amp#27;[32mI send a POST request to &amp#27;[0m&amp#27;[32m&amp#27;[1m"/users/register"&amp#27;[0m&amp#27;[32m with the following body:&amp#27;[0m &amp#27;[90m# stepDefination.Online_food_delivery.i_send_a_post_request_to_with_the_following_body(java.lang.String,java.lang.String)&amp#27;[0m
  &amp#27;[32mThen &amp#27;[0m&amp#27;[32mthe response status should be &amp#27;[0m&amp#27;[32m&amp#27;[1m201&amp#27;[0m                                   &amp#27;[90m# stepDefination.Online_food_delivery.the_response_status_should_be(int)&amp#27;[0m
  &amp#27;[32mAnd &amp#27;[0m&amp#27;[32mthe response should contain the new user details&amp#27;[0m                     &amp#27;[90m# stepDefination.Online_food_delivery.the_response_should_contain_the_new_user_details()&amp#27;[0m
]]></system-out>
  </testcase>
  <testcase name="Login with valid credentials" classname="API Endpoints" time="0.04">
    <system-out><![CDATA[
Scenario: Login with valid credentials                                  &amp#27;[90m# feature/api.feature:24&amp#27;[0m
  &amp#27;[32mGiven &amp#27;[0m&amp#27;[32mthe server is running&amp#27;[0m                                           &amp#27;[90m# stepDefination.Online_food_delivery.the_server_is_running()&amp#27;[0m
  &amp#27;[32mWhen &amp#27;[0m&amp#27;[32mI send a POST request to &amp#27;[0m&amp#27;[32m&amp#27;[1m"/users/login"&amp#27;[0m&amp#27;[32m with the following body:&amp#27;[0m &amp#27;[90m# stepDefination.Online_food_delivery.i_send_a_post_request_to_with_the_following_body(java.lang.String,java.lang.String)&amp#27;[0m
  &amp#27;[32mThen &amp#27;[0m&amp#27;[32mthe response status should be &amp#27;[0m&amp#27;[32m&amp#27;[1m200&amp#27;[0m                                &amp#27;[90m# stepDefination.Online_food_delivery.the_response_status_should_be(int)&amp#27;[0m
  &amp#27;[32mAnd &amp#27;[0m&amp#27;[32mthe response should contain a success message&amp#27;[0m                     &amp#27;[90m# stepDefination.Online_food_delivery.the_response_should_contain_a_success_message()&amp#27;[0m
]]></system-out>
  </testcase>
  <testcase name="Login with invalid credentials" classname="API Endpoints" time="0.081">
    <system-out><![CDATA[
Scenario: Login with invalid credentials                                &amp#27;[90m# feature/api.feature:35&amp#27;[0m
  &amp#27;[32mGiven &amp#27;[0m&amp#27;[32mthe server is running&amp#27;[0m                                           &amp#27;[90m# stepDefination.Online_food_delivery.the_server_is_running()&amp#27;[0m
  &amp#27;[32mWhen &amp#27;[0m&amp#27;[32mI send a POST request to &amp#27;[0m&amp#27;[32m&amp#27;[1m"/users/login"&amp#27;[0m&amp#27;[32m with the following body:&amp#27;[0m &amp#27;[90m# stepDefination.Online_food_delivery.i_send_a_post_request_to_with_the_following_body(java.lang.String,java.lang.String)&amp#27;[0m
  &amp#27;[32mThen &amp#27;[0m&amp#27;[32mthe response status should be &amp#27;[0m&amp#27;[32m&amp#27;[1m401&amp#27;[0m                                &amp#27;[90m# stepDefination.Online_food_delivery.the_response_status_should_be(int)&amp#27;[0m
  &amp#27;[32mAnd &amp#27;[0m&amp#27;[32mthe response should contain an error message&amp#27;[0m                      &amp#27;[90m# stepDefination.Online_food_delivery.the_response_should_contain_an_error_message()&amp#27;[0m
]]></system-out>
  </testcase>
  <testcase name="Get all restaurants" classname="API Endpoints" time="0.01">
    <system-out><![CDATA[
Scenario: Get all restaurants                           &amp#27;[90m# feature/api.feature:46&amp#27;[0m
  &amp#27;[32mGiven &amp#27;[0m&amp#27;[32mthe server is running&amp#27;[0m                           &amp#27;[90m# stepDefination.Online_food_delivery.the_server_is_running()&amp#27;[0m
  &amp#27;[32mWhen &amp#27;[0m&amp#27;[32mI send a GET request to &amp#27;[0m&amp#27;[32m&amp#27;[1m"/restaurants"&amp#27;[0m           &amp#27;[90m# stepDefination.Online_food_delivery.i_send_a_get_request_to(java.lang.String)&amp#27;[0m
  &amp#27;[32mThen &amp#27;[0m&amp#27;[32mthe response status should be &amp#27;[0m&amp#27;[32m&amp#27;[1m200&amp#27;[0m                &amp#27;[90m# stepDefination.Online_food_delivery.the_response_status_should_be(int)&amp#27;[0m
  &amp#27;[32mAnd &amp#27;[0m&amp#27;[32mthe response should contain a list of restaurants&amp#27;[0m &amp#27;[90m# stepDefination.Online_food_delivery.the_response_should_contain_a_list_of_restaurants()&amp#27;[0m
]]></system-out>
  </testcase>
  <testcase name="Register a new restaurant" classname="API Endpoints" time="0.062">
    <system-out><![CDATA[
Scenario: Register a new restaurant                                     &amp#27;[90m# feature/api.feature:51&amp#27;[0m
  &amp#27;[32mGiven &amp#27;[0m&amp#27;[32mthe server is running&amp#27;[0m                                           &amp#27;[90m# stepDefination.Online_food_delivery.the_server_is_running()&amp#27;[0m
  &amp#27;[32mWhen &amp#27;[0m&amp#27;[32mI send a POST request to &amp#27;[0m&amp#27;[32m&amp#27;[1m"/restaurants"&amp#27;[0m&amp#27;[32m with the following body:&amp#27;[0m &amp#27;[90m# stepDefination.Online_food_delivery.i_send_a_post_request_to_with_the_following_body(java.lang.String,java.lang.String)&amp#27;[0m
  &amp#27;[32mThen &amp#27;[0m&amp#27;[32mthe response status should be &amp#27;[0m&amp#27;[32m&amp#27;[1m201&amp#27;[0m                                &amp#27;[90m# stepDefination.Online_food_delivery.the_response_status_should_be(int)&amp#27;[0m
  &amp#27;[32mAnd &amp#27;[0m&amp#27;[32mthe response should contain the new restaurant details&amp#27;[0m            &amp#27;[90m# stepDefination.Online_food_delivery.the_response_should_contain_the_new_restaurant_details()&amp#27;[0m
]]></system-out>
  </testcase>
  <testcase name="Get a specific restaurant" classname="API Endpoints" time="0.061">
    <system-out><![CDATA[
Scenario: Get a specific restaurant                      &amp#27;[90m# feature/api.feature:64&amp#27;[0m
  &amp#27;[32mGiven &amp#27;[0m&amp#27;[32mthe server is running&amp#27;[0m                            &amp#27;[90m# stepDefination.Online_food_delivery.the_server_is_running()&amp#27;[0m
  &amp#27;[32mWhen &amp#27;[0m&amp#27;[32mI send a GET request to &amp#27;[0m&amp#27;[32m&amp#27;[1m"/restaurants/1"&amp#27;[0m          &amp#27;[90m# stepDefination.Online_food_delivery.i_send_a_get_request_to(java.lang.String)&amp#27;[0m
  &amp#27;[32mThen &amp#27;[0m&amp#27;[32mthe response status should be &amp#27;[0m&amp#27;[32m&amp#27;[1m200&amp#27;[0m                 &amp#27;[90m# stepDefination.Online_food_delivery.the_response_status_should_be(int)&amp#27;[0m
  &amp#27;[32mAnd &amp#27;[0m&amp#27;[32mthe response should contain the restaurant details&amp#27;[0m &amp#27;[90m# stepDefination.Online_food_delivery.the_response_should_contain_the_restaurant_details()&amp#27;[0m
]]></system-out>
  </testcase>
  <testcase name="Get all orders" classname="API Endpoints" time="0.023">
    <system-out><![CDATA[
Scenario: Get all orders                           &amp#27;[90m# feature/api.feature:69&amp#27;[0m
  &amp#27;[32mGiven &amp#27;[0m&amp#27;[32mthe server is running&amp#27;[0m                      &amp#27;[90m# stepDefination.Online_food_delivery.the_server_is_running()&amp#27;[0m
  &amp#27;[32mWhen &amp#27;[0m&amp#27;[32mI send a GET request to &amp#27;[0m&amp#27;[32m&amp#27;[1m"/orders"&amp#27;[0m           &amp#27;[90m# stepDefination.Online_food_delivery.i_send_a_get_request_to(java.lang.String)&amp#27;[0m
  &amp#27;[32mThen &amp#27;[0m&amp#27;[32mthe response status should be &amp#27;[0m&amp#27;[32m&amp#27;[1m200&amp#27;[0m           &amp#27;[90m# stepDefination.Online_food_delivery.the_response_status_should_be(int)&amp#27;[0m
  &amp#27;[32mAnd &amp#27;[0m&amp#27;[32mthe response should contain a list of orders&amp#27;[0m &amp#27;[90m# stepDefination.Online_food_delivery.the_response_should_contain_a_list_of_orders()&amp#27;[0m
]]></system-out>
  </testcase>
  <testcase name="Place a new order" classname="API Endpoints" time="0.061">
    <system-out><![CDATA[
Scenario: Place a new order                                        &amp#27;[90m# feature/api.feature:74&amp#27;[0m
  &amp#27;[32mGiven &amp#27;[0m&amp#27;[32mthe server is running&amp#27;[0m                                      &amp#27;[90m# stepDefination.Online_food_delivery.the_server_is_running()&amp#27;[0m
  &amp#27;[32mWhen &amp#27;[0m&amp#27;[32mI send a POST request to &amp#27;[0m&amp#27;[32m&amp#27;[1m"/orders"&amp#27;[0m&amp#27;[32m with the following body:&amp#27;[0m &amp#27;[90m# stepDefination.Online_food_delivery.i_send_a_post_request_to_with_the_following_body(java.lang.String,java.lang.String)&amp#27;[0m
  &amp#27;[32mThen &amp#27;[0m&amp#27;[32mthe response status should be &amp#27;[0m&amp#27;[32m&amp#27;[1m201&amp#27;[0m                           &amp#27;[90m# stepDefination.Online_food_delivery.the_response_status_should_be(int)&amp#27;[0m
  &amp#27;[32mAnd &amp#27;[0m&amp#27;[32mthe response should contain the new order details&amp#27;[0m            &amp#27;[90m# stepDefination.Online_food_delivery.the_response_should_contain_the_new_order_details()&amp#27;[0m
]]></system-out>
  </testcase>
  <testcase name="Get a specific order" classname="API Endpoints" time="0.079">
    <system-out><![CDATA[
Scenario: Get a specific order                      &amp#27;[90m# feature/api.feature:87&amp#27;[0m
  &amp#27;[32mGiven &amp#27;[0m&amp#27;[32mthe server is running&amp#27;[0m                       &amp#27;[90m# stepDefination.Online_food_delivery.the_server_is_running()&amp#27;[0m
  &amp#27;[32mWhen &amp#27;[0m&amp#27;[32mI send a GET request to &amp#27;[0m&amp#27;[32m&amp#27;[1m"/orders/1"&amp#27;[0m          &amp#27;[90m# stepDefination.Online_food_delivery.i_send_a_get_request_to(java.lang.String)&amp#27;[0m
  &amp#27;[32mThen &amp#27;[0m&amp#27;[32mthe response status should be &amp#27;[0m&amp#27;[32m&amp#27;[1m200&amp#27;[0m            &amp#27;[90m# stepDefination.Online_food_delivery.the_response_status_should_be(int)&amp#27;[0m
  &amp#27;[32mAnd &amp#27;[0m&amp#27;[32mthe response should contain the order details&amp#27;[0m &amp#27;[90m# stepDefination.Online_food_delivery.the_response_should_contain_the_order_details()&amp#27;[0m
]]></system-out>
  </testcase>
  <testcase name="Update user profile" classname="API Endpoints" time="0.045">
    <system-out><![CDATA[
Scenario: Update user profile                                      &amp#27;[90m# feature/api.feature:92&amp#27;[0m
  &amp#27;[32mGiven &amp#27;[0m&amp#27;[32mthe server is running&amp#27;[0m                                      &amp#27;[90m# stepDefination.Online_food_delivery.the_server_is_running()&amp#27;[0m
  &amp#27;[32mWhen &amp#27;[0m&amp#27;[32mI send a PUT request to &amp#27;[0m&amp#27;[32m&amp#27;[1m"/users/1"&amp#27;[0m&amp#27;[32m with the following body:&amp#27;[0m &amp#27;[90m# stepDefination.Online_food_delivery.i_send_a_put_request_to_with_the_following_body(java.lang.String,java.lang.String)&amp#27;[0m
  &amp#27;[32mThen &amp#27;[0m&amp#27;[32mthe response status should be &amp#27;[0m&amp#27;[32m&amp#27;[1m200&amp#27;[0m                           &amp#27;[90m# stepDefination.Online_food_delivery.the_response_status_should_be(int)&amp#27;[0m
  &amp#27;[32mAnd &amp#27;[0m&amp#27;[32mthe response should contain the updated user details&amp#27;[0m         &amp#27;[90m# stepDefination.Online_food_delivery.the_response_should_contain_the_updated_user_details()&amp#27;[0m
]]></system-out>
  </testcase>
  <testcase name="Delete a user" classname="API Endpoints" time="0.021">
    <system-out><![CDATA[
Scenario: Delete a user                      &amp#27;[90m# feature/api.feature:103&amp#27;[0m
  &amp#27;[32mGiven &amp#27;[0m&amp#27;[32mthe server is running&amp#27;[0m                &amp#27;[90m# stepDefination.Online_food_delivery.the_server_is_running()&amp#27;[0m
  &amp#27;[32mWhen &amp#27;[0m&amp#27;[32mI send a DELETE request to &amp#27;[0m&amp#27;[32m&amp#27;[1m"/users/1"&amp#27;[0m &amp#27;[90m# stepDefination.Online_food_delivery.i_send_a_delete_request_to(java.lang.String)&amp#27;[0m
  &amp#27;[32mThen &amp#27;[0m&amp#27;[32mthe response status should be &amp#27;[0m&amp#27;[32m&amp#27;[1m204&amp#27;[0m     &amp#27;[90m# stepDefination.Online_food_delivery.the_response_status_should_be(int)&amp#27;[0m
]]></system-out>
  </testcase>
  <testcase name="Search for food items" classname="API Endpoints" time="0.029">
    <system-out><![CDATA[
Scenario: Search for food items                                                           &amp#27;[90m# feature/api.feature:107&amp#27;[0m
  &amp#27;[32mGiven &amp#27;[0m&amp#27;[32mthe server is running&amp#27;[0m                                                             &amp#27;[90m# stepDefination.Online_food_delivery.the_server_is_running()&amp#27;[0m
  &amp#27;[32mWhen &amp#27;[0m&amp#27;[32mI send a GET request to &amp#27;[0m&amp#27;[32m&amp#27;[1m"/foods/search"&amp#27;[0m&amp#27;[32m with the query parameter &amp#27;[0m&amp#27;[32m&amp#27;[1m"name"&amp#27;[0m&amp#27;[32m as &amp#27;[0m&amp#27;[32m&amp#27;[1m"Food1"&amp#27;[0m &amp#27;[90m# stepDefination.Online_food_delivery.i_send_a_get_request_to_with_query_parameter_as(java.lang.String,java.lang.String,java.lang.String)&amp#27;[0m
  &amp#27;[32mThen &amp#27;[0m&amp#27;[32mthe response status should be &amp#27;[0m&amp#27;[32m&amp#27;[1m200&amp#27;[0m                                                  &amp#27;[90m# stepDefination.Online_food_delivery.the_response_status_should_be(int)&amp#27;[0m
  &amp#27;[32mAnd &amp#27;[0m&amp#27;[32mthe response should contain the food items matching the search&amp#27;[0m                      &amp#27;[90m# stepDefination.Online_food_delivery.the_response_should_contain_the_food_items_matching_the_search()&amp#27;[0m
]]></system-out>
  </testcase>
  <testcase name="Filter food items by cuisine" classname="API Endpoints" time="0.02">
    <system-out><![CDATA[
Scenario: Filter food items by cuisine                                                          &amp#27;[90m# feature/api.feature:112&amp#27;[0m
  &amp#27;[32mGiven &amp#27;[0m&amp#27;[32mthe server is running&amp#27;[0m                                                                   &amp#27;[90m# stepDefination.Online_food_delivery.the_server_is_running()&amp#27;[0m
  &amp#27;[32mWhen &amp#27;[0m&amp#27;[32mI send a GET request to &amp#27;[0m&amp#27;[32m&amp#27;[1m"/foods/filter"&amp#27;[0m&amp#27;[32m with the query parameter &amp#27;[0m&amp#27;[32m&amp#27;[1m"cuisine"&amp#27;[0m&amp#27;[32m as &amp#27;[0m&amp#27;[32m&amp#27;[1m"Cuisine1"&amp#27;[0m &amp#27;[90m# stepDefination.Online_food_delivery.i_send_a_get_request_to_with_query_parameter_as(java.lang.String,java.lang.String,java.lang.String)&amp#27;[0m
  &amp#27;[32mThen &amp#27;[0m&amp#27;[32mthe response status should be &amp#27;[0m&amp#27;[32m&amp#27;[1m200&amp#27;[0m                                                        &amp#27;[90m# stepDefination.Online_food_delivery.the_response_status_should_be(int)&amp#27;[0m
  &amp#27;[32mAnd &amp#27;[0m&amp#27;[32mthe response should contain the food items of the specified cuisine&amp#27;[0m                       &amp#27;[90m# stepDefination.Online_food_delivery.the_response_should_contain_the_food_items_of_the_specified_cuisine()&amp#27;[0m
]]></system-out>
  </testcase>
  <testcase name="Get all data" classname="API Endpoints" time="0.068">
    <system-out><![CDATA[
Scenario: Get all data                     &amp#27;[90m# feature/api.feature:117&amp#27;[0m
  &amp#27;[32mGiven &amp#27;[0m&amp#27;[32mthe server is running&amp#27;[0m              &amp#27;[90m# stepDefination.Online_food_delivery.the_server_is_running()&amp#27;[0m
  &amp#27;[32mWhen &amp#27;[0m&amp#27;[32mI send a GET request to &amp#27;[0m&amp#27;[32m&amp#27;[1m"/data"&amp#27;[0m     &amp#27;[90m# stepDefination.Online_food_delivery.i_send_a_get_request_to(java.lang.String)&amp#27;[0m
  &amp#27;[32mThen &amp#27;[0m&amp#27;[32mthe response status should be &amp#27;[0m&amp#27;[32m&amp#27;[1m200&amp#27;[0m   &amp#27;[90m# stepDefination.Online_food_delivery.the_response_status_should_be(int)&amp#27;[0m
  &amp#27;[32mAnd &amp#27;[0m&amp#27;[32mthe response should contain all data&amp#27;[0m &amp#27;[90m# stepDefination.Online_food_delivery.the_response_should_contain_all_data()&amp#27;[0m
]]></system-out>
  </testcase>
</testsuite>